<?xml version="1.0" encoding="UTF-8"?>
<robot generator="Robot 3.1.1 (Python 3.7.2 on linux)" generated="20190319 18:36:57.044" rpa="false">
<suite id="s1" name="Test" source="/home/shadow8t4/git/rf-selenium-testing/test.robot">
<test id="s1-t1" name="My Test">
<kw name="Log" library="BuiltIn">
<doc>Logs the given message with the given level.</doc>
<arguments>
<arg>${MESSAGE}</arg>
</arguments>
<msg timestamp="20190319 18:36:57.180" level="INFO">Hello, world!</msg>
<status status="PASS" starttime="20190319 18:36:57.180" endtime="20190319 18:36:57.180"></status>
</kw>
<kw name="My Keyword">
<arguments>
<arg>./tmp</arg>
</arguments>
<kw name="Directory Should Exist" library="OperatingSystem">
<doc>Fails unless the given path points to an existing directory.</doc>
<arguments>
<arg>${path}</arg>
</arguments>
<msg timestamp="20190319 18:36:57.181" level="INFO" html="yes">Directory '&lt;a href="file:///home/shadow8t4/git/rf-selenium-testing/tmp"&gt;/home/shadow8t4/git/rf-selenium-testing/tmp&lt;/a&gt;' exists.</msg>
<status status="PASS" starttime="20190319 18:36:57.180" endtime="20190319 18:36:57.181"></status>
</kw>
<status status="PASS" starttime="20190319 18:36:57.180" endtime="20190319 18:36:57.181"></status>
</kw>
<doc>Example test</doc>
<status status="PASS" starttime="20190319 18:36:57.179" endtime="20190319 18:36:57.181" critical="yes"></status>
</test>
<test id="s1-t2" name="Another Test">
<kw name="Should Be Equal" library="BuiltIn">
<doc>Fails if the given objects are unequal.</doc>
<arguments>
<arg>${MESSAGE}</arg>
<arg>Hello, world!</arg>
</arguments>
<status status="PASS" starttime="20190319 18:36:57.182" endtime="20190319 18:36:57.182"></status>
</kw>
<status status="PASS" starttime="20190319 18:36:57.181" endtime="20190319 18:36:57.182" critical="yes"></status>
</test>
<test id="s1-t3" name="Browser Test">
<kw name="Open Browser" library="Selenium2Library">
<doc>Opens a new browser instance to the given ``url``.</doc>
<arguments>
<arg>https://google.com</arg>
<arg>browser=firefox</arg>
</arguments>
<msg timestamp="20190319 18:36:57.184" level="INFO">Opening browser 'firefox' to base url 'https://google.com'.</msg>
<kw name="Capture Page Screenshot" library="Selenium2Library">
<doc>Takes screenshot of the current page and embeds it into log file.</doc>
<msg timestamp="20190319 18:36:57.191" level="INFO">Cannot capture screenshot because no browser is open.</msg>
<status status="PASS" starttime="20190319 18:36:57.190" endtime="20190319 18:36:57.191"></status>
</kw>
<msg timestamp="20190319 18:36:57.195" level="FAIL">WebDriverException: Message: 'geckodriver' executable needs to be in PATH. 
</msg>
<status status="FAIL" starttime="20190319 18:36:57.183" endtime="20190319 18:36:57.195"></status>
</kw>
<status status="FAIL" starttime="20190319 18:36:57.183" endtime="20190319 18:36:57.195" critical="yes">WebDriverException: Message: 'geckodriver' executable needs to be in PATH. 
</status>
</test>
<test id="s1-t4" name="Second Browser Test">
<kw name="Main" library="hello_world">
<msg timestamp="20190319 18:36:57.201" level="INFO">hello, world!
commit test.</msg>
<msg timestamp="20190319 18:36:57.203" level="FAIL">WebDriverException: Message: 'geckodriver' executable needs to be in PATH. 
</msg>
<status status="FAIL" starttime="20190319 18:36:57.197" endtime="20190319 18:36:57.203"></status>
</kw>
<status status="FAIL" starttime="20190319 18:36:57.196" endtime="20190319 18:36:57.204" critical="yes">WebDriverException: Message: 'geckodriver' executable needs to be in PATH. 
</status>
</test>
<doc>Example using the space separated plain text format.</doc>
<status status="FAIL" starttime="20190319 18:36:57.045" endtime="20190319 18:36:57.206"></status>
</suite>
<statistics>
<total>
<stat pass="2" fail="2">Critical Tests</stat>
<stat pass="2" fail="2">All Tests</stat>
</total>
<tag>
</tag>
<suite>
<stat pass="2" fail="2" id="s1" name="Test">Test</stat>
</suite>
</statistics>
<errors>
</errors>
</robot>
