<?xml version="1.0" encoding="UTF-8"?>
<robot generator="Robot 3.1 (Python 3.7.0 on darwin)" generated="20181222 22:32:15.319" rpa="false">
<suite id="s1" name="Test" source="/Users/shadow8t4/git/rf-selenium-testing/test.robot">
<test id="s1-t1" name="My Test">
<kw name="Log" library="BuiltIn">
<doc>Logs the given message with the given level.</doc>
<arguments>
<arg>${MESSAGE}</arg>
</arguments>
<msg timestamp="20181222 22:32:25.958" level="INFO">Hello, world!</msg>
<status status="PASS" starttime="20181222 22:32:25.958" endtime="20181222 22:32:25.958"></status>
</kw>
<kw name="My Keyword">
<arguments>
<arg>./tmp</arg>
</arguments>
<kw name="Directory Should Exist" library="OperatingSystem">
<doc>Fails unless the given path points to an existing directory.</doc>
<arguments>
<arg>${path}</arg>
</arguments>
<msg timestamp="20181222 22:32:25.959" level="INFO" html="yes">Directory '&lt;a href="file:///Users/shadow8t4/git/rf-selenium-testing/tmp"&gt;/Users/shadow8t4/git/rf-selenium-testing/tmp&lt;/a&gt;' exists.</msg>
<status status="PASS" starttime="20181222 22:32:25.959" endtime="20181222 22:32:25.959"></status>
</kw>
<status status="PASS" starttime="20181222 22:32:25.958" endtime="20181222 22:32:25.960"></status>
</kw>
<doc>Example test</doc>
<status status="PASS" starttime="20181222 22:32:25.957" endtime="20181222 22:32:25.960" critical="yes"></status>
</test>
<test id="s1-t2" name="Another Test">
<kw name="Should Be Equal" library="BuiltIn">
<doc>Fails if the given objects are unequal.</doc>
<arguments>
<arg>${MESSAGE}</arg>
<arg>Hello, world!</arg>
</arguments>
<status status="PASS" starttime="20181222 22:32:25.961" endtime="20181222 22:32:25.962"></status>
</kw>
<status status="PASS" starttime="20181222 22:32:25.960" endtime="20181222 22:32:25.962" critical="yes"></status>
</test>
<test id="s1-t3" name="Browser Test">
<kw name="Open Browser" library="Selenium2Library">
<doc>Opens a new browser instance to the given ``url``.</doc>
<arguments>
<arg>https://google.com</arg>
<arg>browser=firefox</arg>
</arguments>
<msg timestamp="20181222 22:32:25.963" level="INFO">Opening browser 'firefox' to base url 'https://google.com'.</msg>
<status status="PASS" starttime="20181222 22:32:25.963" endtime="20181222 22:32:30.909"></status>
</kw>
<kw name="Close Browser" library="Selenium2Library">
<doc>Closes the current browser.</doc>
<status status="PASS" starttime="20181222 22:32:30.910" endtime="20181222 22:32:31.509"></status>
</kw>
<status status="PASS" starttime="20181222 22:32:25.962" endtime="20181222 22:32:31.510" critical="yes"></status>
</test>
<test id="s1-t4" name="Second Browser Test">
<kw name="Main" library="hello_world">
<msg timestamp="20181222 22:32:41.748" level="INFO">hello, world!
commit test.</msg>
<status status="PASS" starttime="20181222 22:32:31.511" endtime="20181222 22:32:41.749"></status>
</kw>
<status status="PASS" starttime="20181222 22:32:31.510" endtime="20181222 22:32:41.749" critical="yes"></status>
</test>
<doc>Example using the space separated plain text format.</doc>
<status status="PASS" starttime="20181222 22:32:15.321" endtime="20181222 22:32:41.750"></status>
</suite>
<statistics>
<total>
<stat pass="4" fail="0">Critical Tests</stat>
<stat pass="4" fail="0">All Tests</stat>
</total>
<tag>
</tag>
<suite>
<stat pass="4" fail="0" id="s1" name="Test">Test</stat>
</suite>
</statistics>
<errors>
</errors>
</robot>
